<?xml version="1.0" encoding="UTF-8"?>
<testsuite name="exceeel.ExcelReader" tests="1" skipped="0" failures="0" errors="0" timestamp="2021-08-02T19:08:03" hostname="Lenovo-PC" time="1.864">
  <properties/>
  <testcase name="testPrikol" classname="exceeel.ExcelReader" time="1.864"/>
  <system-out><![CDATA[Login
dfd
2
eawd
]]></system-out>
  <system-err><![CDATA[]]></system-err>
</testsuite>
